{
  "RSpec": {
    "coverage": {
      "/home/tviles/code/labs/tic-tac-toe-rb/lib/tic_tac_toe.rb": [
        1,
        null,
        1,
        26,
        26,
        26,
        26,
        26,
        null,
        null,
        1,
        24,
        null,
        null,
        1,
        23,
        null,
        null,
        1,
        21,
        21,
        21,
        21,
        21,
        null,
        null,
        1,
        23,
        23,
        207,
        32,
        null,
        null,
        23,
        null,
        null,
        1,
        22,
        null,
        null,
        1,
        46,
        301,
        17,
        null,
        null,
        29,
        null,
        null,
        1,
        24,
        null,
        null,
        1,
        28,
        null,
        null,
        1,
        30,
        null,
        null,
        1,
        29,
        null,
        null,
        1,
        22,
        null,
        null,
        1,
        18,
        10,
        null,
        null,
        null,
        1,
        12,
        18,
        null,
        12,
        5,
        null,
        12,
        3,
        null,
        null
      ]
    },
    "timestamp": 1642559076
  }
}
